Bad Checksum - idPage: 0, tyPage: 0, iPage: 0
Source      : C:\inetpub\wwwroot\Investment Game\App_Data\NadavDB.mdf
Destination : C:\Users\Sarne\AppData\Local\Temp\sql44E8.tmp
Repairing - verMajor: 94, verMinor: 0, verBuild: 0, verPoint: 0
Time - 2016-06-01 16:44:25.626
Database format in database header page is corrupt (or not a database file)
Bad Checksum - idPage: 0, tyPage: 8, iPage: 367
Bad Checksum - idPage: 1, tyPage: 0, iPage: 47
Bad Checksum - idPage: 2, tyPage: 0, iPage: 99
Bad Checksum - idPage: 3, tyPage: 0, iPage: 265
Bad Checksum - idPage: 4, tyPage: 0, iPage: 465
Bad Checksum - idPage: 10, tyPage: 0, iPage: 215
Bad Checksum - idPage: 12, tyPage: 0, iPage: 107
Bad Checksum - idPage: 32, tyPage: 0, iPage: 495
Bad Checksum - idPage: 53, tyPage: 0, iPage: 285
Bad Checksum - idPage: 63, tyPage: 0, iPage: 363
Bad Checksum - idPage: 95, tyPage: 3, iPage: 139
Bad Checksum - idPage: 108, tyPage: 7, iPage: 481
Bad Checksum - idPage: 115, tyPage: 7, iPage: 529
Bad Checksum - idPage: 117, tyPage: 7, iPage: 517
Bad Checksum - idPage: 256, tyPage: 14, iPage: 245
Bad Checksum - idPage: 512, tyPage: 0, iPage: 96
Bad Checksum - idPage: 514, tyPage: 0, iPage: 90
Bad Checksum - idPage: 518, tyPage: 0, iPage: 64
Bad Checksum - idPage: 683, tyPage: 0, iPage: 401
Bad Checksum - idPage: 768, tyPage: 0, iPage: 623
Bad Checksum - idPage: 1024, tyPage: 0, iPage: 219
Bad Checksum - idPage: 1062, tyPage: 0, iPage: 109
Bad Checksum - idPage: 2363, tyPage: 0, iPage: 403
Bad Checksum - idPage: 3072, tyPage: 0, iPage: 157
Bad Checksum - idPage: 4096, tyPage: 0, iPage: 287
Bad Checksum - idPage: 12288, tyPage: 0, iPage: 607
Bad Checksum - idPage: 12544, tyPage: 0, iPage: 595
Bad Checksum - idPage: 12800, tyPage: 0, iPage: 603
Bad Checksum - idPage: 13056, tyPage: 0, iPage: 597
Bad Checksum - idPage: 13312, tyPage: 0, iPage: 375
Bad Checksum - idPage: 13568, tyPage: 0, iPage: 705
Bad Checksum - idPage: 14080, tyPage: 0, iPage: 613
Bad Checksum - idPage: 16256, tyPage: 0, iPage: 413
Bad Checksum - idPage: 16640, tyPage: 0, iPage: 627
Bad Checksum - idPage: 17152, tyPage: 0, iPage: 643
Bad Checksum - idPage: 17920, tyPage: 0, iPage: 615
Bad Checksum - idPage: 18176, tyPage: 0, iPage: 671
Bad Checksum - idPage: 18432, tyPage: 0, iPage: 667
Bad Checksum - idPage: 19456, tyPage: 0, iPage: 575
Bad Checksum - idPage: 19712, tyPage: 0, iPage: 609
Bad Checksum - idPage: 20480, tyPage: 0, iPage: 619
Bad Checksum - idPage: 20992, tyPage: 0, iPage: 669
Bad Checksum - idPage: 21504, tyPage: 0, iPage: 611
Bad Checksum - idPage: 23040, tyPage: 0, iPage: 599
Bad Checksum - idPage: 25856, tyPage: 0, iPage: 163
Bad Checksum - idPage: 26368, tyPage: 0, iPage: 593
Bad Checksum - idPage: 27648, tyPage: 0, iPage: 563
Bad Checksum - idPage: 28672, tyPage: 0, iPage: 565
Bad Checksum - idPage: 29750, tyPage: 6, iPage: 582
Bad Checksum - idPage: 32768, tyPage: 0, iPage: 368
Bad Checksum - idPage: 33280, tyPage: 0, iPage: 48
Bad Checksum - idPage: 33288, tyPage: 0, iPage: 612
Bad Checksum - idPage: 40947, tyPage: 0, iPage: 443
Bad Checksum - idPage: 65536, tyPage: 0, iPage: 313
Bad Checksum - idPage: 65556, tyPage: 0, iPage: 639
Bad Checksum - idPage: 65587, tyPage: 4, iPage: 657
Bad Checksum - idPage: 65631, tyPage: 6, iPage: 421
Bad Checksum - idPage: 65646, tyPage: 6, iPage: 477
Bad Checksum - idPage: 65652, tyPage: 6, iPage: 349
Bad Checksum - idPage: 66048, tyPage: 0, iPage: 320
Bad Checksum - idPage: 66050, tyPage: 0, iPage: 94
Bad Checksum - idPage: 74017, tyPage: 2, iPage: 31
Bad Checksum - idPage: 98304, tyPage: 0, iPage: 85
Bad Checksum - idPage: 98816, tyPage: 0, iPage: 538
Bad Checksum - idPage: 114690, tyPage: 0, iPage: 92
Bad Checksum - idPage: 115200, tyPage: 0, iPage: 354
Bad Checksum - idPage: 124324, tyPage: 1, iPage: 586
Bad Checksum - idPage: 124742, tyPage: 8, iPage: 449
Bad Checksum - idPage: 128181, tyPage: 0, iPage: 301
Bad Checksum - idPage: 131073, tyPage: 7, iPage: 233
Bad Checksum - idPage: 131092, tyPage: 0, iPage: 689
Bad Checksum - idPage: 131119, tyPage: 3, iPage: 605
Bad Checksum - idPage: 131147, tyPage: 7, iPage: 81
Bad Checksum - idPage: 131584, tyPage: 0, iPage: 348
Bad Checksum - idPage: 147968, tyPage: 0, iPage: 276
Bad Checksum - idPage: 164352, tyPage: 0, iPage: 392
Bad Checksum - idPage: 180736, tyPage: 0, iPage: 38
Bad Checksum - idPage: 196608, tyPage: 0, iPage: 43
Bad Checksum - idPage: 196609, tyPage: 2, iPage: 319
Bad Checksum - idPage: 196612, tyPage: 0, iPage: 601
Bad Checksum - idPage: 196616, tyPage: 1, iPage: 171
Bad Checksum - idPage: 196628, tyPage: 0, iPage: 697
Bad Checksum - idPage: 196703, tyPage: 7, iPage: 293
Bad Checksum - idPage: 196708, tyPage: 6, iPage: 491
Bad Checksum - idPage: 196714, tyPage: 7, iPage: 155
Bad Checksum - idPage: 196716, tyPage: 7, iPage: 499
Bad Checksum - idPage: 196944, tyPage: 15, iPage: 441
Bad Checksum - idPage: 197120, tyPage: 0, iPage: 580
Bad Checksum - idPage: 207110, tyPage: 4, iPage: 591
Bad Checksum - idPage: 209729, tyPage: 3, iPage: 365
Bad Checksum - idPage: 211900, tyPage: 12, iPage: 583
Bad Checksum - idPage: 229888, tyPage: 0, iPage: 350
Bad Checksum - idPage: 237340, tyPage: 13, iPage: 589
Bad Checksum - idPage: 262144, tyPage: 15, iPage: 531
Bad Checksum - idPage: 262164, tyPage: 0, iPage: 723
Bad Checksum - idPage: 262182, tyPage: 0, iPage: 473
Bad Checksum - idPage: 262192, tyPage: 5, iPage: 573
Bad Checksum - idPage: 262239, tyPage: 4, iPage: 59
Bad Checksum - idPage: 262245, tyPage: 7, iPage: 467
Bad Checksum - idPage: 262249, tyPage: 7, iPage: 483
Bad Checksum - idPage: 262255, tyPage: 6, iPage: 439
Bad Checksum - idPage: 262260, tyPage: 6, iPage: 497
Bad Checksum - idPage: 262400, tyPage: 11, iPage: 429
Bad Checksum - idPage: 262656, tyPage: 0, iPage: 424
Bad Checksum - idPage: 295424, tyPage: 0, iPage: 560
Bad Checksum - idPage: 327680, tyPage: 9, iPage: 113
Bad Checksum - idPage: 327700, tyPage: 0, iPage: 731
Bad Checksum - idPage: 327728, tyPage: 3, iPage: 621
Bad Checksum - idPage: 327751, tyPage: 3, iPage: 569
Bad Checksum - idPage: 327760, tyPage: 5, iPage: 625
Bad Checksum - idPage: 327762, tyPage: 5, iPage: 659
Bad Checksum - idPage: 327780, tyPage: 6, iPage: 579
Bad Checksum - idPage: 327794, tyPage: 6, iPage: 515
Bad Checksum - idPage: 327796, tyPage: 7, iPage: 255
Bad Checksum - idPage: 393216, tyPage: 14, iPage: 471
Bad Checksum - idPage: 393236, tyPage: 0, iPage: 741
Bad Checksum - idPage: 393317, tyPage: 2, iPage: 385
Bad Checksum - idPage: 393321, tyPage: 6, iPage: 229
Bad Checksum - idPage: 393323, tyPage: 2, iPage: 417
Bad Checksum - idPage: 393330, tyPage: 7, iPage: 487
Bad Checksum - idPage: 393331, tyPage: 2, iPage: 469
Bad Checksum - idPage: 406113, tyPage: 12, iPage: 588
Bad Checksum - idPage: 420974, tyPage: 6, iPage: 585
Bad Checksum - idPage: 422873, tyPage: 1, iPage: 399
Bad Checksum - idPage: 428754, tyPage: 5, iPage: 159
Bad Checksum - idPage: 437011, tyPage: 0, iPage: 584
Bad Checksum - idPage: 458772, tyPage: 0, iPage: 749
Bad Checksum - idPage: 458866, tyPage: 6, iPage: 489
Bad Checksum - idPage: 480343, tyPage: 2, iPage: 590
Bad Checksum - idPage: 502594, tyPage: 2, iPage: 587
Bad Checksum - idPage: 518119, tyPage: 14, iPage: 147
Bad Checksum - idPage: 524308, tyPage: 0, iPage: 759
Bad Checksum - idPage: 524377, tyPage: 4, iPage: 641
Bad Checksum - idPage: 589840, tyPage: 1, iPage: 195
Bad Checksum - idPage: 589844, tyPage: 0, iPage: 767
Bad Checksum - idPage: 589928, tyPage: 6, iPage: 321
Bad Checksum - idPage: 589932, tyPage: 6, iPage: 513
Bad Checksum - idPage: 655380, tyPage: 0, iPage: 777
Bad Checksum - idPage: 720995, tyPage: 6, iPage: 435
Bad Checksum - idPage: 786432, tyPage: 15, iPage: 505
Bad Checksum - idPage: 786434, tyPage: 0, iPage: 91
Bad Checksum - idPage: 786530, tyPage: 6, iPage: 525
Bad Checksum - idPage: 786544, tyPage: 6, iPage: 475
Bad Checksum - idPage: 786549, tyPage: 6, iPage: 521
Bad Checksum - idPage: 852016, tyPage: 2, iPage: 225
Bad Checksum - idPage: 852051, tyPage: 6, iPage: 523
Bad Checksum - idPage: 852063, tyPage: 4, iPage: 463
Bad Checksum - idPage: 852224, tyPage: 3, iPage: 431
Bad Checksum - idPage: 917505, tyPage: 1, iPage: 581
Bad Checksum - idPage: 917605, tyPage: 6, iPage: 503
Bad Checksum - idPage: 917613, tyPage: 6, iPage: 533
Bad Checksum - idPage: 950528, tyPage: 0, iPage: 567
Bad Checksum - idPage: 983137, tyPage: 5, iPage: 545
Bad Checksum - idPage: 983139, tyPage: 6, iPage: 391
Bad Checksum - idPage: 983140, tyPage: 5, iPage: 419
Bad Checksum - idPage: 983141, tyPage: 5, iPage: 479
Bad Checksum - idPage: 983145, tyPage: 6, iPage: 447
Bad Checksum - idPage: 983146, tyPage: 6, iPage: 519
Bad Checksum - idPage: 983149, tyPage: 5, iPage: 507
Bad Checksum - idPage: 983150, tyPage: 6, iPage: 309
Bad Checksum - idPage: 983152, tyPage: 5, iPage: 509
Bad Checksum - idPage: 983156, tyPage: 5, iPage: 457
Bad Checksum - idPage: 983552, tyPage: 15, iPage: 298
Bad Checksum - idPage: 1016320, tyPage: 15, iPage: 562
Bad Checksum - idPage: 1031281, tyPage: 3, iPage: 409
Bad Checksum - idPage: 1034229, tyPage: 2, iPage: 459
Bad Checksum - idPage: 1048575, tyPage: 15, iPage: 5

